<?xml version="1.0" encoding="UTF-8"?>
<!-- Generated by org.testng.reporters.JUnitXMLReporter -->
<testsuite ignored="0" hostname="Darwins-MacBook-Pro.local" failures="0" tests="3" name="Surefire test" time="38.153" errors="0" timestamp="2024-07-30T01:21:57 AEST">
  <testcase classname="com.darvin.AssessmentDemoThirdTest" name="thirdTestCase" time="14.096"/>
  <testcase classname="com.darvin.AssessmentDemoSecondTest" name="secondTestCase" time="13.911"/>
  <testcase classname="com.AssessmentDemoFirstTest" name="firstTestCase" time="10.131"/>
</testsuite> <!-- Surefire test -->
