<?xml version="1.0" encoding="UTF-8"?>
<testng-results ignored="0" total="3" passed="3" failed="0" skipped="0">
  <reporter-output>
  </reporter-output>
  <suite started-at="2024-07-30T01:21:18 AEST" name="Surefire suite" finished-at="2024-07-30T01:21:56 AEST" duration-ms="38153">
    <groups>
    </groups>
    <test started-at="2024-07-30T01:21:18 AEST" name="Surefire test" finished-at="2024-07-30T01:21:56 AEST" duration-ms="38153">
      <class name="com.darvin.AssessmentDemoThirdTest">
        <test-method signature="thirdTestCase()[pri:0, instance:com.darvin.AssessmentDemoThirdTest@453da22c]" started-at="2024-07-30T01:21:18 AEST" name="thirdTestCase" finished-at="2024-07-30T01:21:32 AEST" duration-ms="14096" status="PASS">
          <reporter-output>
          </reporter-output>
        </test-method> <!-- thirdTestCase -->
      </class> <!-- com.darvin.AssessmentDemoThirdTest -->
      <class name="com.darvin.AssessmentDemoSecondTest">
        <test-method signature="secondTestCase()[pri:0, instance:com.darvin.AssessmentDemoSecondTest@3d3fcdb0]" started-at="2024-07-30T01:21:32 AEST" name="secondTestCase" finished-at="2024-07-30T01:21:46 AEST" duration-ms="13911" status="PASS">
          <reporter-output>
          </reporter-output>
        </test-method> <!-- secondTestCase -->
      </class> <!-- com.darvin.AssessmentDemoSecondTest -->
      <class name="com.AssessmentDemoFirstTest">
        <test-method signature="firstTestCase()[pri:0, instance:com.AssessmentDemoFirstTest@641147d0]" started-at="2024-07-30T01:21:46 AEST" name="firstTestCase" finished-at="2024-07-30T01:21:56 AEST" duration-ms="10131" status="PASS">
          <reporter-output>
          </reporter-output>
        </test-method> <!-- firstTestCase -->
      </class> <!-- com.AssessmentDemoFirstTest -->
    </test> <!-- Surefire test -->
  </suite> <!-- Surefire suite -->
</testng-results>
