<?xml version="1.0" encoding="UTF-8"?>
<testsuite xmlns:xsi="http://www.w3.org/2001/XMLSchema-instance" xsi:noNamespaceSchemaLocation="https://maven.apache.org/surefire/maven-surefire-plugin/xsd/surefire-test-report-3.0.xsd" version="3.0" name="TestSuite" time="38.455" tests="3" errors="0" skipped="0" failures="0">
  <properties>
[...]
</properties>
  <testcase name="thirdTestCase" classname="com.darvin.AssessmentDemoThirdTest" time="14.097">
    <system-out><![CDATA[Stuffed Frog price is: $10.99
Stuffed Frog subtotal is: $21.98
Fluffy Bunny subtotal is: $49.95
Fluffy Bunny price is: $9.99
Valentine Bear subtotal is: $44.97
Valentine Bear price is: $14.99
Total Checkout Amount is : 116.9
Total Checkout Amount through expected total: 116.9
]]></system-out>
    <system-err><![CDATA[SLF4J: Failed to load class "org.slf4j.impl.StaticLoggerBinder".
SLF4J: Defaulting to no-operation (NOP) logger implementation
SLF4J: See http://www.slf4j.org/codes.html#StaticLoggerBinder for further details.
]]></system-err>
  </testcase>
  <testcase name="secondTestCase" classname="com.darvin.AssessmentDemoSecondTest" time="13.912">
    <system-out><![CDATA[Message is: Thanks Darvin Patel, we appreciate your feedback.
]]></system-out>
  </testcase>
  <testcase name="firstTestCase" classname="com.AssessmentDemoFirstTest" time="10.132">
    <system-out><![CDATA[Error message is: We welcome your feedback - but we won't get it unless you complete the form correctly.
Message is: We welcome your feedback - tell it how it is.
]]></system-out>
  </testcase>
</testsuite>